0 info it worked if it ends with ok
1 verbose cli [ '/usr/local/bin/node', '/usr/local/bin/npm', 'start' ]
2 info using npm@3.10.3
3 info using node@v4.4.7
4 verbose run-script [ 'prestart', 'start', 'poststart' ]
5 info lifecycle frank-server@1.0.0~prestart: frank-server@1.0.0
6 silly lifecycle frank-server@1.0.0~prestart: no script for prestart, continuing
7 info lifecycle frank-server@1.0.0~start: frank-server@1.0.0
8 verbose lifecycle frank-server@1.0.0~start: unsafe-perm in lifecycle true
9 verbose lifecycle frank-server@1.0.0~start: PATH: /usr/local/lib/node_modules/npm/bin/node-gyp-bin:/Users/winstontri/Jeanpaulversace/frank-server/node_modules/.bin:/usr/local/bin:/Users/winstontri/.rvm/gems/ruby-2.1.2/bin:/Users/winstontri/.rvm/gems/ruby-2.1.2@global/bin:/Users/winstontri/.rvm/rubies/ruby-2.1.2/bin:/usr/local/bin:/usr/local/sbin:/usr/bin:/bin:/usr/sbin:/sbin:/Users/winstontri/bin:/Library/Frameworks/Python.framework/Versions/3.5/bin:/usr/local/bin:/usr/bin:/bin:/usr/sbin:/sbin:/opt/X11/bin:/Users/winstontri/.rvm/bin
10 verbose lifecycle frank-server@1.0.0~start: CWD: /Users/winstontri/Jeanpaulversace/frank-server
11 silly lifecycle frank-server@1.0.0~start: Args: [ '-c', 'node ./server/app.js' ]
12 silly lifecycle frank-server@1.0.0~start: Returned: code: 1  signal: null
13 info lifecycle frank-server@1.0.0~start: Failed to exec start script
14 verbose stack Error: frank-server@1.0.0 start: `node ./server/app.js`
14 verbose stack Exit status 1
14 verbose stack     at EventEmitter.<anonymous> (/usr/local/lib/node_modules/npm/lib/utils/lifecycle.js:242:16)
14 verbose stack     at emitTwo (events.js:87:13)
14 verbose stack     at EventEmitter.emit (events.js:172:7)
14 verbose stack     at ChildProcess.<anonymous> (/usr/local/lib/node_modules/npm/lib/utils/spawn.js:40:14)
14 verbose stack     at emitTwo (events.js:87:13)
14 verbose stack     at ChildProcess.emit (events.js:172:7)
14 verbose stack     at maybeClose (internal/child_process.js:827:16)
14 verbose stack     at Process.ChildProcess._handle.onexit (internal/child_process.js:211:5)
15 verbose pkgid frank-server@1.0.0
16 verbose cwd /Users/winstontri/Jeanpaulversace/frank-server
17 error Darwin 16.1.0
18 error argv "/usr/local/bin/node" "/usr/local/bin/npm" "start"
19 error node v4.4.7
20 error npm  v3.10.3
21 error code ELIFECYCLE
22 error frank-server@1.0.0 start: `node ./server/app.js`
22 error Exit status 1
23 error Failed at the frank-server@1.0.0 start script 'node ./server/app.js'.
23 error Make sure you have the latest version of node.js and npm installed.
23 error If you do, this is most likely a problem with the frank-server package,
23 error not with npm itself.
23 error Tell the author that this fails on your system:
23 error     node ./server/app.js
23 error You can get information on how to open an issue for this project with:
23 error     npm bugs frank-server
23 error Or if that isn't available, you can get their info via:
23 error     npm owner ls frank-server
23 error There is likely additional logging output above.
24 verbose exit [ 1, true ]
